Watching for file changes with StatReloader
Performing system checks...

System check identified some issues:

WARNINGS:
todos.Todo: (models.W042) Auto-created primary key used when not defining a primary key type, by default 'django.db.models.AutoField'.
	HINT: Configure the DEFAULT_AUTO_FIELD setting or the TodosConfig.default_auto_field attribute to point to a subclass of AutoField, e.g. 'django.db.models.BigAutoField'.

System check identified 1 issue (0 silenced).
March 03, 2024 - 12:23:20
Django version 3.2.12, using settings 'todoApp.settings'
Starting development server at http://0.0.0.0:8000/
Quit the server with CONTROL-C.
Watching for file changes with StatReloader
Performing system checks...

System check identified some issues:

WARNINGS:
todos.Todo: (models.W042) Auto-created primary key used when not defining a primary key type, by default 'django.db.models.AutoField'.
	HINT: Configure the DEFAULT_AUTO_FIELD setting or the TodosConfig.default_auto_field attribute to point to a subclass of AutoField, e.g. 'django.db.models.BigAutoField'.

System check identified 1 issue (0 silenced).
March 03, 2024 - 12:23:51
Django version 3.2.12, using settings 'todoApp.settings'
Starting development server at http://0.0.0.0:8000/
Quit the server with CONTROL-C.
[03/Mar/2024 12:23:59] "GET /todos/ HTTP/1.1" 200 3515
Watching for file changes with StatReloader
Performing system checks...

System check identified some issues:

WARNINGS:
todos.Todo: (models.W042) Auto-created primary key used when not defining a primary key type, by default 'django.db.models.AutoField'.
	HINT: Configure the DEFAULT_AUTO_FIELD setting or the TodosConfig.default_auto_field attribute to point to a subclass of AutoField, e.g. 'django.db.models.BigAutoField'.

System check identified 1 issue (0 silenced).
March 03, 2024 - 12:24:10
Django version 3.2.12, using settings 'todoApp.settings'
Starting development server at http://0.0.0.0:8000/
Quit the server with CONTROL-C.
[03/Mar/2024 12:24:20] "GET /todos/ HTTP/1.1" 200 3515
[03/Mar/2024 12:24:23] "GET /todos/ HTTP/1.1" 200 3515
[03/Mar/2024 12:25:05] "GET /todos/ HTTP/1.1" 200 3515
[03/Mar/2024 12:25:22] "POST /todos/add/ HTTP/1.1" 302 0
[03/Mar/2024 12:25:23] "GET /todos/ HTTP/1.1" 200 4100
[03/Mar/2024 12:25:23] "GET /static/css/style.css HTTP/1.1" 304 0
[03/Mar/2024 12:29:45] "GET / HTTP/1.1" 302 0
[03/Mar/2024 12:29:46] "GET /todos HTTP/1.1" 301 0
[03/Mar/2024 12:29:46] "GET /todos/ HTTP/1.1" 200 4100
[03/Mar/2024 12:32:30] "GET /todos/ HTTP/1.1" 200 4100
[03/Mar/2024 12:32:30] "GET /static/css/style.css HTTP/1.1" 304 0
